[INFO] Scanning for projects...
[INFO] 
[INFO] --------------------< com.github.chav1961:purelib >---------------------
[INFO] Building purelib 0.0.4
[INFO] --------------------------------[ jar ]---------------------------------
[INFO] 
[INFO] --- maven-clean-plugin:2.5:clean (default-clean) @ purelib ---
[INFO] Deleting E:\chav1961\workspace\purelib\target
[INFO] 
[INFO] --- maven-toolchains-plugin:1.1:toolchain (default) @ purelib ---
[INFO] Required toolchain: jdk [ version='9' ]
[INFO] Found matching toolchain for type jdk: JDK[C:/Program Files/Java/jdk-13.0.1]
[INFO] 
[INFO] --- maven-resources-plugin:3.1.0:resources (default-resources) @ purelib ---
[WARNING] Using platform encoding (Cp1251 actually) to copy filtered resources, i.e. build is platform dependent!
[INFO] Copying 66 resources
[INFO] 
[INFO] --- maven-resources-plugin:3.1.0:copy-resources (copy-resources01) @ purelib ---
[WARNING] Using platform encoding (Cp1251 actually) to copy filtered resources, i.e. build is platform dependent!
[INFO] Copying 39 resources
[INFO] Copying 66 resources
[INFO] 
[INFO] --- maven-compiler-plugin:3.8.0:compile (default-compile) @ purelib ---
[INFO] Toolchain in maven-compiler-plugin: JDK[C:/Program Files/Java/jdk-13.0.1]
[INFO] Changes detected - recompiling the module!
[WARNING] File encoding has not been set, using platform encoding Cp1251, i.e. build is platform dependent!
[INFO] Compiling 519 source files to E:\chav1961\workspace\purelib\target\classes
[INFO] 
[INFO] --- maven-resources-plugin:3.1.0:testResources (default-testResources) @ purelib ---
[WARNING] Using platform encoding (Cp1251 actually) to copy filtered resources, i.e. build is platform dependent!
[INFO] Copying 82 resources
[INFO] 
[INFO] --- maven-resources-plugin:3.1.0:copy-resources (copy-resources02) @ purelib ---
[WARNING] Using platform encoding (Cp1251 actually) to copy filtered resources, i.e. build is platform dependent!
[INFO] Copying 1 resource
[INFO] Copying 81 resources
[INFO] 
[INFO] --- maven-compiler-plugin:3.8.0:testCompile (default-testCompile) @ purelib ---
[INFO] Toolchain in maven-compiler-plugin: JDK[C:/Program Files/Java/jdk-13.0.1]
[INFO] Changes detected - recompiling the module!
[WARNING] File encoding has not been set, using platform encoding Cp1251, i.e. build is platform dependent!
[INFO] Compiling 195 source files to E:\chav1961\workspace\purelib\target\test-classes
[INFO] 
[INFO] --- maven-surefire-plugin:3.0.0-M4:test (default-test) @ purelib ---
[INFO] Toolchain in maven-surefire-plugin: JDK[C:/Program Files/Java/jdk-13.0.1]
[INFO] 
[INFO] -------------------------------------------------------
[INFO]  T E S T S
[INFO] -------------------------------------------------------
[INFO] Running chav1961.purelib.basic.SyntaxTreeTest
[INFO] Tests run: 2, Failures: 0, Errors: 0, Skipped: 0, Time elapsed: 0.031 s - in chav1961.purelib.basic.SyntaxTreeTest
[INFO] Running chav1961.purelib.basic.BitCharSetTest
[INFO] Tests run: 4, Failures: 0, Errors: 0, Skipped: 0, Time elapsed: 0 s - in chav1961.purelib.basic.BitCharSetTest
[INFO] Running chav1961.purelib.basic.CharUtilsTest
[INFO] Tests run: 21, Failures: 0, Errors: 0, Skipped: 0, Time elapsed: 0.3 s - in chav1961.purelib.basic.CharUtilsTest
[INFO] Running chav1961.purelib.basic.ConsoleCommandManagerTest
6
Error procesing command: java.lang.RuntimeException: Crush simulation
Error procesing command: Unknown or undeployed command [unknown]
[INFO] Tests run: 3, Failures: 0, Errors: 0, Skipped: 0, Time elapsed: 0.032 s - in chav1961.purelib.basic.ConsoleCommandManagerTest
[INFO] Running chav1961.purelib.basic.InternalUtilsTest
[INFO] Tests run: 2, Failures: 0, Errors: 0, Skipped: 0, Time elapsed: 0.015 s - in chav1961.purelib.basic.InternalUtilsTest
[INFO] Running chav1961.purelib.basic.LineByLineProcessorTest
[INFO] Tests run: 2, Failures: 0, Errors: 0, Skipped: 0, Time elapsed: 0 s - in chav1961.purelib.basic.LineByLineProcessorTest
[INFO] Running chav1961.purelib.basic.LoggerFacadeTest
[INFO] Tests run: 4, Failures: 0, Errors: 0, Skipped: 0, Time elapsed: 0 s - in chav1961.purelib.basic.LoggerFacadeTest
[INFO] Running chav1961.purelib.basic.PluggableClassLoaderTest
[INFO] Tests run: 1, Failures: 0, Errors: 0, Skipped: 0, Time elapsed: 0 s - in chav1961.purelib.basic.PluggableClassLoaderTest
[INFO] Running chav1961.purelib.basic.SequenceIteratorTest
[INFO] Tests run: 1, Failures: 0, Errors: 0, Skipped: 0, Time elapsed: 0 s - in chav1961.purelib.basic.SequenceIteratorTest
[INFO] Running chav1961.purelib.basic.UtilsTest
[INFO] Tests run: 8, Failures: 0, Errors: 0, Skipped: 0, Time elapsed: 0.022 s - in chav1961.purelib.basic.UtilsTest
[INFO] Running chav1961.purelib.streams.char2byte.asm.macro.AssemblerTemplateRepoTest
[INFO] Tests run: 1, Failures: 0, Errors: 0, Skipped: 0, Time elapsed: 0 s - in chav1961.purelib.streams.char2byte.asm.macro.AssemblerTemplateRepoTest
[INFO] Running chav1961.purelib.basic.LongIdMapTest
[INFO] Tests run: 1, Failures: 0, Errors: 0, Skipped: 0, Time elapsed: 0 s - in chav1961.purelib.basic.LongIdMapTest
[INFO] Running chav1961.purelib.basic.ReusableInstancesTest
[INFO] Tests run: 1, Failures: 0, Errors: 0, Skipped: 0, Time elapsed: 0 s - in chav1961.purelib.basic.ReusableInstancesTest
[INFO] Running chav1961.purelib.basic.PureLibSettingsTest
[INFO] Tests run: 2, Failures: 0, Errors: 0, Skipped: 0, Time elapsed: 0 s - in chav1961.purelib.basic.PureLibSettingsTest
[INFO] Running chav1961.purelib.basic.TemporaryStoreTest
[INFO] Tests run: 1, Failures: 0, Errors: 0, Skipped: 0, Time elapsed: 0.163 s - in chav1961.purelib.basic.TemporaryStoreTest
[INFO] Running chav1961.purelib.basic.XMLUtilsTest
[INFO] Tests run: 2, Failures: 0, Errors: 0, Skipped: 0, Time elapsed: 0 s - in chav1961.purelib.basic.XMLUtilsTest
[INFO] Running chav1961.purelib.basic.UnsafedUtilsTest
[INFO] Tests run: 1, Failures: 0, Errors: 0, Skipped: 0, Time elapsed: 0 s - in chav1961.purelib.basic.UnsafedUtilsTest
[INFO] Running chav1961.purelib.basic.URIUtilsTest
[INFO] Tests run: 5, Failures: 0, Errors: 0, Skipped: 0, Time elapsed: 0.006 s - in chav1961.purelib.basic.URIUtilsTest
[INFO] Running chav1961.purelib.basic.MimeTypeTest
[INFO] Tests run: 2, Failures: 0, Errors: 0, Skipped: 0, Time elapsed: 0 s - in chav1961.purelib.basic.MimeTypeTest
[INFO] Running chav1961.purelib.basic.ArgParserTest
[INFO] Tests run: 11, Failures: 0, Errors: 0, Skipped: 0, Time elapsed: 0.064 s - in chav1961.purelib.basic.ArgParserTest
[INFO] Running chav1961.purelib.basic.AsmScriptEngineTest
[INFO] Tests run: 1, Failures: 0, Errors: 0, Skipped: 0, Time elapsed: 0.052 s - in chav1961.purelib.basic.AsmScriptEngineTest
[INFO] Running chav1961.purelib.basic.BitCharSetTest
[INFO] Tests run: 4, Failures: 0, Errors: 0, Skipped: 0, Time elapsed: 0 s - in chav1961.purelib.basic.BitCharSetTest
[INFO] Running chav1961.purelib.basic.CharUtilsTest
[INFO] Tests run: 21, Failures: 0, Errors: 0, Skipped: 0, Time elapsed: 0 s - in chav1961.purelib.basic.CharUtilsTest
[INFO] Running chav1961.purelib.basic.ConsoleCommandManagerTest
6
Error procesing command: java.lang.RuntimeException: Crush simulation
Error procesing command: Unknown or undeployed command [unknown]
[INFO] Tests run: 3, Failures: 0, Errors: 0, Skipped: 0, Time elapsed: 0 s - in chav1961.purelib.basic.ConsoleCommandManagerTest
[INFO] Running chav1961.purelib.basic.exceptions.SyntaxExceptionTest
[INFO] Tests run: 4, Failures: 0, Errors: 0, Skipped: 0, Time elapsed: 0 s - in chav1961.purelib.basic.exceptions.SyntaxExceptionTest
[INFO] Running chav1961.purelib.basic.FSMTest
[INFO] Tests run: 3, Failures: 0, Errors: 0, Skipped: 0, Time elapsed: 0 s - in chav1961.purelib.basic.FSMTest
[INFO] Running chav1961.purelib.basic.GettersAndSettersFactoryTest
[INFO] Tests run: 7, Failures: 0, Errors: 0, Skipped: 0, Time elapsed: 0.708 s - in chav1961.purelib.basic.GettersAndSettersFactoryTest
[INFO] Running chav1961.purelib.basic.growablearrays.GrowableArraysTest
[INFO] Tests run: 11, Failures: 0, Errors: 0, Skipped: 0, Time elapsed: 0.018 s - in chav1961.purelib.basic.growablearrays.GrowableArraysTest
[INFO] Running chav1961.purelib.basic.growablearrays.ManagersTest
[INFO] Tests run: 2, Failures: 0, Errors: 0, Skipped: 0, Time elapsed: 0.001 s - in chav1961.purelib.basic.growablearrays.ManagersTest
[INFO] Running chav1961.purelib.basic.growablearrays.InOutGrowableByteArrayTest
[INFO] Tests run: 1, Failures: 0, Errors: 0, Skipped: 0, Time elapsed: 0 s - in chav1961.purelib.basic.growablearrays.InOutGrowableByteArrayTest
[INFO] Running chav1961.purelib.basic.growablearrays.InOutGrowableCharArrayTest
[INFO] Tests run: 1, Failures: 0, Errors: 0, Skipped: 0, Time elapsed: 0 s - in chav1961.purelib.basic.growablearrays.InOutGrowableCharArrayTest
[INFO] Running chav1961.purelib.basic.growablearrays.GrowableArraysTest
[INFO] Tests run: 11, Failures: 0, Errors: 0, Skipped: 0, Time elapsed: 0 s - in chav1961.purelib.basic.growablearrays.GrowableArraysTest
[INFO] Running chav1961.purelib.basic.growablearrays.InOutGrowableByteArrayTest
[INFO] Tests run: 1, Failures: 0, Errors: 0, Skipped: 0, Time elapsed: 0.015 s - in chav1961.purelib.basic.growablearrays.InOutGrowableByteArrayTest
[INFO] Running chav1961.purelib.basic.growablearrays.InOutGrowableCharArrayTest
[INFO] Tests run: 1, Failures: 0, Errors: 0, Skipped: 0, Time elapsed: 0 s - in chav1961.purelib.basic.growablearrays.InOutGrowableCharArrayTest
[INFO] Running chav1961.purelib.basic.growablearrays.ManagersTest
[INFO] Tests run: 2, Failures: 0, Errors: 0, Skipped: 0, Time elapsed: 0 s - in chav1961.purelib.basic.growablearrays.ManagersTest
[INFO] Running chav1961.purelib.basic.InternalUtilsTest
[INFO] Tests run: 2, Failures: 0, Errors: 0, Skipped: 0, Time elapsed: 0 s - in chav1961.purelib.basic.InternalUtilsTest
[INFO] Running chav1961.purelib.basic.LineByLineProcessorTest
[INFO] Tests run: 2, Failures: 0, Errors: 0, Skipped: 0, Time elapsed: 0 s - in chav1961.purelib.basic.LineByLineProcessorTest
[INFO] Running chav1961.purelib.basic.LoggerFacadeTest
[INFO] Tests run: 4, Failures: 0, Errors: 0, Skipped: 0, Time elapsed: 0 s - in chav1961.purelib.basic.LoggerFacadeTest
[INFO] Running chav1961.purelib.basic.LongIdMapTest
[INFO] Tests run: 1, Failures: 0, Errors: 0, Skipped: 0, Time elapsed: 0 s - in chav1961.purelib.basic.LongIdMapTest
[INFO] Running chav1961.purelib.basic.MimeTypeTest
[INFO] Tests run: 2, Failures: 0, Errors: 0, Skipped: 0, Time elapsed: 0 s - in chav1961.purelib.basic.MimeTypeTest
[INFO] Running chav1961.purelib.basic.PluggableClassLoaderTest
[INFO] Tests run: 1, Failures: 0, Errors: 0, Skipped: 0, Time elapsed: 0 s - in chav1961.purelib.basic.PluggableClassLoaderTest
[INFO] Running chav1961.purelib.basic.PureLibSettingsTest
[INFO] Tests run: 2, Failures: 0, Errors: 0, Skipped: 0, Time elapsed: 0 s - in chav1961.purelib.basic.PureLibSettingsTest
[INFO] Running chav1961.purelib.basic.ReusableInstancesTest
[INFO] Tests run: 1, Failures: 0, Errors: 0, Skipped: 0, Time elapsed: 0 s - in chav1961.purelib.basic.ReusableInstancesTest
[INFO] Running chav1961.purelib.basic.ScriptEngineTest
[INFO] Tests run: 2, Failures: 0, Errors: 0, Skipped: 0, Time elapsed: 0 s - in chav1961.purelib.basic.ScriptEngineTest
[INFO] Running chav1961.purelib.basic.SequenceIteratorTest
[INFO] Tests run: 1, Failures: 0, Errors: 0, Skipped: 0, Time elapsed: 0 s - in chav1961.purelib.basic.SequenceIteratorTest
[INFO] Running chav1961.purelib.basic.subscribable.SubscribableTest
[INFO] Tests run: 16, Failures: 0, Errors: 0, Skipped: 0, Time elapsed: 0 s - in chav1961.purelib.basic.subscribable.SubscribableTest
[INFO] Running chav1961.purelib.basic.SyntaxTreeTest
[INFO] Tests run: 2, Failures: 0, Errors: 0, Skipped: 0, Time elapsed: 0 s - in chav1961.purelib.basic.SyntaxTreeTest
[INFO] Running chav1961.purelib.basic.TemporaryStoreTest
[INFO] Tests run: 1, Failures: 0, Errors: 0, Skipped: 0, Time elapsed: 0.016 s - in chav1961.purelib.basic.TemporaryStoreTest
[INFO] Running chav1961.purelib.basic.UnsafedUtilsTest
[INFO] Tests run: 1, Failures: 0, Errors: 0, Skipped: 0, Time elapsed: 0 s - in chav1961.purelib.basic.UnsafedUtilsTest
[INFO] Running chav1961.purelib.basic.URIUtilsTest
[INFO] Tests run: 5, Failures: 0, Errors: 0, Skipped: 0, Time elapsed: 0 s - in chav1961.purelib.basic.URIUtilsTest
[INFO] Running chav1961.purelib.basic.UtilsTest
[INFO] Tests run: 8, Failures: 0, Errors: 0, Skipped: 0, Time elapsed: 0 s - in chav1961.purelib.basic.UtilsTest
[INFO] Running chav1961.purelib.basic.XMLUtilsTest
[INFO] Tests run: 2, Failures: 0, Errors: 0, Skipped: 0, Time elapsed: 0 s - in chav1961.purelib.basic.XMLUtilsTest
[INFO] Running chav1961.purelib.basic.xsd.XSDConstTest
[INFO] Tests run: 1, Failures: 0, Errors: 0, Skipped: 0, Time elapsed: 0 s - in chav1961.purelib.basic.xsd.XSDConstTest
[INFO] Running chav1961.purelib.cdb.ConnectorsTest
[INFO] Tests run: 1, Failures: 0, Errors: 0, Skipped: 0, Time elapsed: 0 s - in chav1961.purelib.cdb.ConnectorsTest
[INFO] Running chav1961.purelib.concurrent.JUnitExecutorTest
[INFO] Tests run: 1, Failures: 0, Errors: 0, Skipped: 0, Time elapsed: 12.039 s - in chav1961.purelib.concurrent.JUnitExecutorTest
[INFO] Running chav1961.purelib.concurrent.XByteStreamTest
[INFO] Tests run: 2, Failures: 0, Errors: 0, Skipped: 0, Time elapsed: 1.015 s - in chav1961.purelib.concurrent.XByteStreamTest
[INFO] Running chav1961.purelib.concurrent.XCharStreamTest
[INFO] Tests run: 2, Failures: 0, Errors: 0, Skipped: 0, Time elapsed: 1.018 s - in chav1961.purelib.concurrent.XCharStreamTest
[INFO] Running chav1961.purelib.concurrent.XStreamTest
[INFO] Tests run: 1, Failures: 0, Errors: 0, Skipped: 0, Time elapsed: 0.001 s - in chav1961.purelib.concurrent.XStreamTest
[INFO] Running chav1961.purelib.concurrent.ListenablesTest
[INFO] Tests run: 8, Failures: 0, Errors: 0, Skipped: 0, Time elapsed: 0.45 s - in chav1961.purelib.concurrent.ListenablesTest
[INFO] Running chav1961.purelib.concurrent.JUnitExecutorTest
[INFO] Tests run: 1, Failures: 0, Errors: 0, Skipped: 0, Time elapsed: 12.025 s - in chav1961.purelib.concurrent.JUnitExecutorTest
[INFO] Running chav1961.purelib.concurrent.ListenablesTest
[INFO] Tests run: 8, Failures: 0, Errors: 0, Skipped: 0, Time elapsed: 0.461 s - in chav1961.purelib.concurrent.ListenablesTest
[INFO] Running chav1961.purelib.concurrent.XByteStreamTest
[INFO] Tests run: 2, Failures: 0, Errors: 0, Skipped: 0, Time elapsed: 1.003 s - in chav1961.purelib.concurrent.XByteStreamTest
[INFO] Running chav1961.purelib.concurrent.XCharStreamTest
[INFO] Tests run: 2, Failures: 0, Errors: 0, Skipped: 0, Time elapsed: 1.008 s - in chav1961.purelib.concurrent.XCharStreamTest
[INFO] Running chav1961.purelib.concurrent.XStreamTest
[INFO] Tests run: 1, Failures: 0, Errors: 0, Skipped: 0, Time elapsed: 0 s - in chav1961.purelib.concurrent.XStreamTest
[INFO] Running chav1961.purelib.enumerations.StylePropertiesSupportedTest
[INFO] Tests run: 7, Failures: 0, Errors: 0, Skipped: 0, Time elapsed: 0 s - in chav1961.purelib.enumerations.StylePropertiesSupportedTest
[INFO] Running chav1961.purelib.etc.HandlersTest
[INFO] Tests run: 2, Failures: 0, Errors: 0, Skipped: 0, Time elapsed: 0 s - in chav1961.purelib.etc.HandlersTest
[INFO] Running chav1961.purelib.fsys.FileSystemFactoryTest
[INFO] Tests run: 3, Failures: 0, Errors: 0, Skipped: 0, Time elapsed: 0.05 s - in chav1961.purelib.fsys.FileSystemFactoryTest
[INFO] Running chav1961.purelib.fsys.FileSystemTest
[INFO] Tests run: 3, Failures: 0, Errors: 0, Skipped: 0, Time elapsed: 0.435 s - in chav1961.purelib.fsys.FileSystemTest
[INFO] Running chav1961.purelib.fsys.FileSystemClassLoaderTest
[INFO] Tests run: 1, Failures: 0, Errors: 0, Skipped: 0, Time elapsed: 0 s - in chav1961.purelib.fsys.FileSystemClassLoaderTest
[INFO] Running chav1961.purelib.fsys.bridge.PureLibFileSystemProviderTest
[INFO] Tests run: 3, Failures: 0, Errors: 0, Skipped: 0, Time elapsed: 0.035 s - in chav1961.purelib.fsys.bridge.PureLibFileSystemProviderTest
[INFO] Running chav1961.purelib.fsys.bridge.PureLibPathTest
[INFO] Tests run: 3, Failures: 0, Errors: 0, Skipped: 0, Time elapsed: 0 s - in chav1961.purelib.fsys.bridge.PureLibPathTest
[INFO] Running chav1961.purelib.fsys.FileSystemClassLoaderTest
[INFO] Tests run: 1, Failures: 0, Errors: 0, Skipped: 0, Time elapsed: 0 s - in chav1961.purelib.fsys.FileSystemClassLoaderTest
[INFO] Running chav1961.purelib.fsys.FileSystemFactoryTest
[INFO] Tests run: 3, Failures: 0, Errors: 0, Skipped: 0, Time elapsed: 0 s - in chav1961.purelib.fsys.FileSystemFactoryTest
[INFO] Running chav1961.purelib.fsys.FileSystemTest
[INFO] Tests run: 3, Failures: 0, Errors: 0, Skipped: 0, Time elapsed: 0.269 s - in chav1961.purelib.fsys.FileSystemTest
[INFO] Running chav1961.purelib.fsys.FileSystemURLConnectionTest
[INFO] Tests run: 3, Failures: 0, Errors: 0, Skipped: 0, Time elapsed: 0.016 s - in chav1961.purelib.fsys.FileSystemURLConnectionTest
[INFO] Running chav1961.purelib.i18n.LocalizerFactoryTest
[INFO] Tests run: 4, Failures: 0, Errors: 0, Skipped: 0, Time elapsed: 0.216 s - in chav1961.purelib.i18n.LocalizerFactoryTest
[INFO] Running chav1961.purelib.i18n.LocalizerTest
[INFO] Tests run: 4, Failures: 0, Errors: 0, Skipped: 0, Time elapsed: 0.015 s - in chav1961.purelib.i18n.LocalizerTest
[INFO] Running chav1961.purelib.i18n.LocaleSpecificTextWrapperTest
[INFO] Tests run: 2, Failures: 0, Errors: 0, Skipped: 0, Time elapsed: 0 s - in chav1961.purelib.i18n.LocaleSpecificTextWrapperTest
[INFO] Running chav1961.purelib.i18n.LocalizerFactoryTest
[INFO] Tests run: 4, Failures: 0, Errors: 0, Skipped: 0, Time elapsed: 0.016 s - in chav1961.purelib.i18n.LocalizerFactoryTest
[INFO] Running chav1961.purelib.i18n.LocalizerTest
[INFO] Tests run: 4, Failures: 0, Errors: 0, Skipped: 0, Time elapsed: 0 s - in chav1961.purelib.i18n.LocalizerTest
[INFO] Running chav1961.purelib.json.JsonSaxHandlerFactoryTest
[INFO] Tests run: 8, Failures: 0, Errors: 0, Skipped: 0, Time elapsed: 0.029 s - in chav1961.purelib.json.JsonSaxHandlerFactoryTest
[INFO] Running chav1961.purelib.json.JsonSerializerTest
[INFO] Tests run: 20, Failures: 0, Errors: 0, Skipped: 0, Time elapsed: 0.037 s - in chav1961.purelib.json.JsonSerializerTest
[INFO] Running chav1961.purelib.json.JsonSaxHandlerFactoryTest
[INFO] Tests run: 8, Failures: 0, Errors: 0, Skipped: 0, Time elapsed: 0 s - in chav1961.purelib.json.JsonSaxHandlerFactoryTest
[INFO] Running chav1961.purelib.json.JsonSerializerTest
[INFO] Tests run: 20, Failures: 0, Errors: 0, Skipped: 0, Time elapsed: 0 s - in chav1961.purelib.json.JsonSerializerTest
[INFO] Running chav1961.purelib.model.ContentMetadataTest
[INFO] Tests run: 1, Failures: 0, Errors: 0, Skipped: 0, Time elapsed: 0 s - in chav1961.purelib.model.ContentMetadataTest
[INFO] Running chav1961.purelib.model.ContentModelFactoryTest
[INFO] Tests run: 2, Failures: 0, Errors: 0, Skipped: 0, Time elapsed: 0.032 s - in chav1961.purelib.model.ContentModelFactoryTest
[INFO] Running chav1961.purelib.model.ContentNodeMetadataTest
[INFO] Tests run: 2, Failures: 0, Errors: 0, Skipped: 0, Time elapsed: 0 s - in chav1961.purelib.model.ContentNodeMetadataTest
[INFO] Running chav1961.purelib.model.FieldFormatTest
[INFO] Tests run: 2, Failures: 0, Errors: 0, Skipped: 0, Time elapsed: 0 s - in chav1961.purelib.model.FieldFormatTest
[INFO] Running chav1961.purelib.model.ModelManagedMapTest
[INFO] Tests run: 2, Failures: 0, Errors: 0, Skipped: 0, Time elapsed: 0 s - in chav1961.purelib.model.ModelManagedMapTest
[INFO] Running chav1961.purelib.model.ContentMetadataFilterTest
[INFO] Tests run: 2, Failures: 0, Errors: 0, Skipped: 0, Time elapsed: 0 s - in chav1961.purelib.model.ContentMetadataFilterTest
[INFO] Running chav1961.purelib.model.ContentMetadataTest
[INFO] Tests run: 1, Failures: 0, Errors: 0, Skipped: 0, Time elapsed: 0 s - in chav1961.purelib.model.ContentMetadataTest
[INFO] Running chav1961.purelib.model.ContentModelFactoryTest
[INFO] Tests run: 2, Failures: 0, Errors: 0, Skipped: 0, Time elapsed: 0 s - in chav1961.purelib.model.ContentModelFactoryTest
[INFO] Running chav1961.purelib.model.ContentNodeMetadataTest
[INFO] Tests run: 2, Failures: 0, Errors: 0, Skipped: 0, Time elapsed: 0.016 s - in chav1961.purelib.model.ContentNodeMetadataTest
[INFO] Running chav1961.purelib.model.FieldFormatTest
[INFO] Tests run: 2, Failures: 0, Errors: 0, Skipped: 0, Time elapsed: 0 s - in chav1961.purelib.model.FieldFormatTest
[INFO] Running chav1961.purelib.model.ModelManagedMapTest
[INFO] Tests run: 2, Failures: 0, Errors: 0, Skipped: 0, Time elapsed: 0 s - in chav1961.purelib.model.ModelManagedMapTest
[INFO] Running chav1961.purelib.model.ModelUtilsTest
[INFO] Tests run: 2, Failures: 0, Errors: 0, Skipped: 0, Time elapsed: 0 s - in chav1961.purelib.model.ModelUtilsTest
[INFO] Running chav1961.purelib.nanoservice.InternalUtilsTest
[INFO] Tests run: 2, Failures: 0, Errors: 0, Skipped: 0, Time elapsed: 0 s - in chav1961.purelib.nanoservice.InternalUtilsTest
[INFO] Running chav1961.purelib.nanoservice.NanoServiceFactoryTest
[INFO] Tests run: 16, Failures: 0, Errors: 0, Skipped: 0, Time elapsed: 3.942 s - in chav1961.purelib.nanoservice.NanoServiceFactoryTest
[INFO] Running chav1961.purelib.nanoservice.HttpsNanoServiceFactoryTest
[INFO] Tests run: 1, Failures: 0, Errors: 0, Skipped: 0, Time elapsed: 0.261 s - in chav1961.purelib.nanoservice.HttpsNanoServiceFactoryTest
[INFO] Running chav1961.purelib.nanoservice.NanoServiceManagerTest
[INFO] Tests run: 2, Failures: 0, Errors: 0, Skipped: 0, Time elapsed: 6.053 s - in chav1961.purelib.nanoservice.NanoServiceManagerTest
[INFO] Running chav1961.purelib.nanoservice.TemplateCacheTest
[INFO] Tests run: 1, Failures: 0, Errors: 0, Skipped: 0, Time elapsed: 0 s - in chav1961.purelib.nanoservice.TemplateCacheTest
[INFO] Running chav1961.purelib.nanoservice.HttpsNanoServiceFactoryTest
[INFO] Tests run: 1, Failures: 0, Errors: 0, Skipped: 0, Time elapsed: 0.17 s - in chav1961.purelib.nanoservice.HttpsNanoServiceFactoryTest
[INFO] Running chav1961.purelib.nanoservice.InternalUtilsTest
[INFO] Tests run: 2, Failures: 0, Errors: 0, Skipped: 0, Time elapsed: 0 s - in chav1961.purelib.nanoservice.InternalUtilsTest
[INFO] Running chav1961.purelib.nanoservice.NanoServiceFactoryTest
[INFO] Tests run: 16, Failures: 0, Errors: 0, Skipped: 0, Time elapsed: 2.836 s - in chav1961.purelib.nanoservice.NanoServiceFactoryTest
[INFO] Running chav1961.purelib.nanoservice.NanoServiceHttpsTest
[INFO] Tests run: 1, Failures: 0, Errors: 0, Skipped: 0, Time elapsed: 0 s - in chav1961.purelib.nanoservice.NanoServiceHttpsTest
[INFO] Running chav1961.purelib.nanoservice.NanoServiceManagerTest
[INFO] Tests run: 2, Failures: 0, Errors: 0, Skipped: 0, Time elapsed: 6.015 s - in chav1961.purelib.nanoservice.NanoServiceManagerTest
[INFO] Running chav1961.purelib.nanoservice.TemplateCacheTest
[INFO] Tests run: 1, Failures: 0, Errors: 0, Skipped: 0, Time elapsed: 0 s - in chav1961.purelib.nanoservice.TemplateCacheTest
[INFO] Running chav1961.purelib.net.URIsTest
[INFO] Tests run: 1, Failures: 0, Errors: 0, Skipped: 0, Time elapsed: 0 s - in chav1961.purelib.net.URIsTest
[INFO] Running chav1961.purelib.sql.ArraysLobsAndXMLsTest
[INFO] Tests run: 7, Failures: 0, Errors: 0, Skipped: 0, Time elapsed: 0.022 s - in chav1961.purelib.sql.ArraysLobsAndXMLsTest
[INFO] Running chav1961.purelib.sql.SQLUtilsTest
[INFO] Tests run: 2, Failures: 0, Errors: 0, Skipped: 0, Time elapsed: 0 s - in chav1961.purelib.sql.SQLUtilsTest
[INFO] Running chav1961.purelib.sql.RsMetaDataElementTest
[INFO] Tests run: 1, Failures: 0, Errors: 0, Skipped: 0, Time elapsed: 0 s - in chav1961.purelib.sql.RsMetaDataElementTest
[INFO] Running chav1961.purelib.sql.ResultSetTests
[INFO] Tests run: 7, Failures: 0, Errors: 0, Skipped: 0, Time elapsed: 0 s - in chav1961.purelib.sql.ResultSetTests
[INFO] Running chav1961.purelib.sql.ArraysLobsAndXMLsTest
[INFO] Tests run: 7, Failures: 0, Errors: 0, Skipped: 0, Time elapsed: 0.016 s - in chav1961.purelib.sql.ArraysLobsAndXMLsTest
[INFO] Running chav1961.purelib.sql.content.FactoryAndParsersTest
[INFO] Tests run: 2, Failures: 0, Errors: 0, Skipped: 0, Time elapsed: 0 s - in chav1961.purelib.sql.content.FactoryAndParsersTest
[INFO] Running chav1961.purelib.sql.content.SQLContentUtilsTest
[INFO] Tests run: 1, Failures: 0, Errors: 0, Skipped: 0, Time elapsed: 0 s - in chav1961.purelib.sql.content.SQLContentUtilsTest
[INFO] Running chav1961.purelib.sql.content.FakeResultSetMetaDataTest
[INFO] Tests run: 1, Failures: 0, Errors: 0, Skipped: 0, Time elapsed: 0 s - in chav1961.purelib.sql.content.FakeResultSetMetaDataTest
[INFO] Running chav1961.purelib.sql.content.FactoryAndParsersTest
[INFO] Tests run: 2, Failures: 0, Errors: 0, Skipped: 0, Time elapsed: 0 s - in chav1961.purelib.sql.content.FactoryAndParsersTest
[INFO] Running chav1961.purelib.sql.content.FakeResultSetMetaDataTest
[INFO] Tests run: 1, Failures: 0, Errors: 0, Skipped: 0, Time elapsed: 0 s - in chav1961.purelib.sql.content.FakeResultSetMetaDataTest
[INFO] Running chav1961.purelib.sql.content.SQLContentUtilsTest
[INFO] Tests run: 1, Failures: 0, Errors: 0, Skipped: 0, Time elapsed: 0 s - in chav1961.purelib.sql.content.SQLContentUtilsTest
[INFO] Running chav1961.purelib.sql.ResultSetTests
[INFO] Tests run: 7, Failures: 0, Errors: 0, Skipped: 0, Time elapsed: 0 s - in chav1961.purelib.sql.ResultSetTests
[INFO] Running chav1961.purelib.sql.RsMetaDataElementTest
[INFO] Tests run: 1, Failures: 0, Errors: 0, Skipped: 0, Time elapsed: 0.016 s - in chav1961.purelib.sql.RsMetaDataElementTest
[INFO] Running chav1961.purelib.sql.SimpleProviderTest
[INFO] Tests run: 1, Failures: 0, Errors: 0, Skipped: 0, Time elapsed: 0 s - in chav1961.purelib.sql.SimpleProviderTest
[INFO] Running chav1961.purelib.sql.SQLUtilsTest
[INFO] Tests run: 2, Failures: 0, Errors: 0, Skipped: 0, Time elapsed: 0 s - in chav1961.purelib.sql.SQLUtilsTest
[INFO] Running chav1961.purelib.streams.CharSourcesAndTargetsTest
[INFO] Tests run: 2, Failures: 0, Errors: 0, Skipped: 0, Time elapsed: 0 s - in chav1961.purelib.streams.CharSourcesAndTargetsTest
[INFO] Running chav1961.purelib.json.JsonSaxHandlerFactoryTest
[INFO] Tests run: 8, Failures: 0, Errors: 0, Skipped: 0, Time elapsed: 0 s - in chav1961.purelib.json.JsonSaxHandlerFactoryTest
[INFO] Running chav1961.purelib.streams.JsonSaxParserTest
[INFO] Tests run: 5, Failures: 0, Errors: 0, Skipped: 0, Time elapsed: 2.12 s - in chav1961.purelib.streams.JsonSaxParserTest
[INFO] Running chav1961.purelib.streams.JsonStaxParserTest
[INFO] Tests run: 4, Failures: 0, Errors: 0, Skipped: 0, Time elapsed: 0 s - in chav1961.purelib.streams.JsonStaxParserTest
[INFO] Running chav1961.purelib.streams.JsonStaxPrinterTest
[INFO] Tests run: 3, Failures: 0, Errors: 0, Skipped: 0, Time elapsed: 0.008 s - in chav1961.purelib.streams.JsonStaxPrinterTest
[INFO] Running chav1961.purelib.streams.byte2byte.ZLibStreamTest
[INFO] Tests run: 4, Failures: 0, Errors: 0, Skipped: 0, Time elapsed: 0.07 s - in chav1961.purelib.streams.byte2byte.ZLibStreamTest
[INFO] Running chav1961.purelib.streams.byte2char.JdbcReadersTest
[INFO] Tests run: 4, Failures: 0, Errors: 0, Skipped: 0, Time elapsed: 0.002 s - in chav1961.purelib.streams.byte2char.JdbcReadersTest
[INFO] Running chav1961.purelib.streams.char2byte.asm.AsmWriterTest
[INFO] Tests run: 1, Failures: 0, Errors: 0, Skipped: 0, Time elapsed: 0.01 s - in chav1961.purelib.streams.char2byte.asm.AsmWriterTest
[INFO] Running chav1961.purelib.streams.char2byte.asm.ByteCodeLineParserTest
[INFO] Tests run: 15, Failures: 0, Errors: 0, Skipped: 0, Time elapsed: 0.121 s - in chav1961.purelib.streams.char2byte.asm.ByteCodeLineParserTest
[INFO] Running chav1961.purelib.streams.char2byte.asm.ClassContainerTest
[INFO] Tests run: 3, Failures: 0, Errors: 0, Skipped: 0, Time elapsed: 0.008 s - in chav1961.purelib.streams.char2byte.asm.ClassContainerTest
[INFO] Running chav1961.purelib.streams.char2byte.asm.ClassDescriptionRepoTest
[INFO] Tests run: 3, Failures: 0, Errors: 0, Skipped: 0, Time elapsed: 0.01 s - in chav1961.purelib.streams.char2byte.asm.ClassDescriptionRepoTest
[INFO] Running chav1961.purelib.streams.char2byte.asm.ClassLineParserTest
[INFO] Tests run: 6, Failures: 0, Errors: 0, Skipped: 0, Time elapsed: 0.012 s - in chav1961.purelib.streams.char2byte.asm.ClassLineParserTest
[INFO] Running chav1961.purelib.streams.char2byte.asm.macro.CommandTest
[INFO] Tests run: 5, Failures: 0, Errors: 0, Skipped: 0, Time elapsed: 0 s - in chav1961.purelib.streams.char2byte.asm.macro.CommandTest
[INFO] Running chav1961.purelib.streams.char2byte.asm.macro.ExpressionNodeTest
[INFO] Tests run: 6, Failures: 0, Errors: 0, Skipped: 0, Time elapsed: 0.002 s - in chav1961.purelib.streams.char2byte.asm.macro.ExpressionNodeTest
[INFO] Running chav1961.purelib.streams.char2byte.asm.InterfaceLineParserTest
[INFO] Tests run: 3, Failures: 0, Errors: 0, Skipped: 0, Time elapsed: 0 s - in chav1961.purelib.streams.char2byte.asm.InterfaceLineParserTest
[INFO] Running chav1961.purelib.streams.char2byte.asm.InternalUtilsTest
[INFO] Tests run: 2, Failures: 0, Errors: 0, Skipped: 0, Time elapsed: 0 s - in chav1961.purelib.streams.char2byte.asm.InternalUtilsTest
[INFO] Running chav1961.purelib.streams.char2byte.asm.LongIdTreeTest
[INFO] Tests run: 2, Failures: 0, Errors: 0, Skipped: 0, Time elapsed: 0.011 s - in chav1961.purelib.streams.char2byte.asm.LongIdTreeTest
[INFO] Running chav1961.purelib.streams.char2byte.asm.MethodBodyTest
[INFO] Tests run: 1, Failures: 0, Errors: 0, Skipped: 0, Time elapsed: 0 s - in chav1961.purelib.streams.char2byte.asm.MethodBodyTest
[INFO] Running chav1961.purelib.streams.char2byte.asm.TryManagerRecordTest
[INFO] Tests run: 1, Failures: 0, Errors: 0, Skipped: 0, Time elapsed: 0.001 s - in chav1961.purelib.streams.char2byte.asm.TryManagerRecordTest
[INFO] Running chav1961.purelib.streams.char2byte.asm.CompilerUtilsTest
[INFO] Tests run: 5, Failures: 0, Errors: 0, Skipped: 0, Time elapsed: 0 s - in chav1961.purelib.streams.char2byte.asm.CompilerUtilsTest
[INFO] Running chav1961.purelib.streams.char2byte.asm.AsmWriterTest
[INFO] Tests run: 1, Failures: 0, Errors: 0, Skipped: 0, Time elapsed: 0 s - in chav1961.purelib.streams.char2byte.asm.AsmWriterTest
[INFO] Running chav1961.purelib.streams.char2byte.asm.ByteCodeLineParserTest
[INFO] Tests run: 15, Failures: 0, Errors: 0, Skipped: 0, Time elapsed: 0.057 s - in chav1961.purelib.streams.char2byte.asm.ByteCodeLineParserTest
[INFO] Running chav1961.purelib.streams.char2byte.asm.ClassContainerTest
[INFO] Tests run: 3, Failures: 0, Errors: 0, Skipped: 0, Time elapsed: 0.002 s - in chav1961.purelib.streams.char2byte.asm.ClassContainerTest
[INFO] Running chav1961.purelib.streams.char2byte.asm.ClassDescriptionRepoTest
[INFO] Tests run: 3, Failures: 0, Errors: 0, Skipped: 0, Time elapsed: 0.01 s - in chav1961.purelib.streams.char2byte.asm.ClassDescriptionRepoTest
[INFO] Running chav1961.purelib.streams.char2byte.asm.ClassLineParserTest
[INFO] Tests run: 6, Failures: 0, Errors: 0, Skipped: 0, Time elapsed: 0.01 s - in chav1961.purelib.streams.char2byte.asm.ClassLineParserTest
[INFO] Running chav1961.purelib.streams.char2byte.asm.CompilerUtilsTest
[INFO] Tests run: 5, Failures: 0, Errors: 0, Skipped: 0, Time elapsed: 0 s - in chav1961.purelib.streams.char2byte.asm.CompilerUtilsTest
[INFO] Running chav1961.purelib.streams.char2byte.asm.InterfaceLineParserTest
[INFO] Tests run: 3, Failures: 0, Errors: 0, Skipped: 0, Time elapsed: 0 s - in chav1961.purelib.streams.char2byte.asm.InterfaceLineParserTest
[INFO] Running chav1961.purelib.streams.char2byte.asm.InternalUtilsTest
[INFO] Tests run: 2, Failures: 0, Errors: 0, Skipped: 0, Time elapsed: 0 s - in chav1961.purelib.streams.char2byte.asm.InternalUtilsTest
[INFO] Running chav1961.purelib.streams.char2byte.asm.LongIdTreeTest
[INFO] Tests run: 2, Failures: 0, Errors: 0, Skipped: 0, Time elapsed: 0 s - in chav1961.purelib.streams.char2byte.asm.LongIdTreeTest
[INFO] Running chav1961.purelib.streams.char2byte.asm.macro.CommandTest
[INFO] Tests run: 5, Failures: 0, Errors: 0, Skipped: 0, Time elapsed: 0 s - in chav1961.purelib.streams.char2byte.asm.macro.CommandTest
[INFO] Running chav1961.purelib.streams.char2byte.asm.macro.ExpressionNodeTest
[INFO] Tests run: 6, Failures: 0, Errors: 0, Skipped: 0, Time elapsed: 0 s - in chav1961.purelib.streams.char2byte.asm.macro.ExpressionNodeTest
[INFO] Running chav1961.purelib.streams.char2byte.asm.macro.InternalUtilsTest
[INFO] Tests run: 13, Failures: 0, Errors: 0, Skipped: 0, Time elapsed: 0 s - in chav1961.purelib.streams.char2byte.asm.macro.InternalUtilsTest
[INFO] Running chav1961.purelib.streams.char2byte.asm.macro.MacroClassLoaderTest
[INFO] Tests run: 1, Failures: 0, Errors: 0, Skipped: 0, Time elapsed: 0 s - in chav1961.purelib.streams.char2byte.asm.macro.MacroClassLoaderTest
[INFO] Running chav1961.purelib.streams.char2byte.asm.macro.MacroCompilerTest
[INFO] Tests run: 16, Failures: 0, Errors: 0, Skipped: 0, Time elapsed: 0.221 s - in chav1961.purelib.streams.char2byte.asm.macro.MacroCompilerTest
[INFO] Running chav1961.purelib.streams.char2byte.asm.macro.MacroProcessingTest
[INFO] Tests run: 1, Failures: 0, Errors: 0, Skipped: 0, Time elapsed: 0.002 s - in chav1961.purelib.streams.char2byte.asm.macro.MacroProcessingTest
[INFO] Running chav1961.purelib.streams.char2byte.asm.macro.MacrosTest
[INFO] Tests run: 2, Failures: 0, Errors: 0, Skipped: 0, Time elapsed: 0 s - in chav1961.purelib.streams.char2byte.asm.macro.MacrosTest
[INFO] Running chav1961.purelib.streams.char2byte.asm.macro.AssemblerTemplateRepoTest
[INFO] Tests run: 2, Failures: 0, Errors: 0, Skipped: 0, Time elapsed: 0.001 s - in chav1961.purelib.streams.char2byte.asm.macro.AssemblerTemplateRepoTest
[INFO] Running chav1961.purelib.streams.char2byte.asm.macro.CommandTest
[INFO] Tests run: 5, Failures: 0, Errors: 0, Skipped: 0, Time elapsed: 0 s - in chav1961.purelib.streams.char2byte.asm.macro.CommandTest
[INFO] Running chav1961.purelib.streams.char2byte.asm.macro.ExpressionNodeTest
[INFO] Tests run: 6, Failures: 0, Errors: 0, Skipped: 0, Time elapsed: 0 s - in chav1961.purelib.streams.char2byte.asm.macro.ExpressionNodeTest
[INFO] Running chav1961.purelib.streams.char2byte.asm.macro.InternalUtilsTest
[INFO] Tests run: 13, Failures: 0, Errors: 0, Skipped: 0, Time elapsed: 0 s - in chav1961.purelib.streams.char2byte.asm.macro.InternalUtilsTest
[INFO] Running chav1961.purelib.streams.char2byte.asm.macro.MacroClassLoaderTest
[INFO] Tests run: 1, Failures: 0, Errors: 0, Skipped: 0, Time elapsed: 0 s - in chav1961.purelib.streams.char2byte.asm.macro.MacroClassLoaderTest
[INFO] Running chav1961.purelib.streams.char2byte.asm.macro.MacroCompilerTest
[INFO] Tests run: 16, Failures: 0, Errors: 0, Skipped: 0, Time elapsed: 0.008 s - in chav1961.purelib.streams.char2byte.asm.macro.MacroCompilerTest
[INFO] Running chav1961.purelib.streams.char2byte.asm.macro.MacroProcessingTest
[INFO] Tests run: 1, Failures: 0, Errors: 0, Skipped: 0, Time elapsed: 0 s - in chav1961.purelib.streams.char2byte.asm.macro.MacroProcessingTest
[INFO] Running chav1961.purelib.streams.char2byte.asm.macro.MacrosTest
[INFO] Tests run: 2, Failures: 0, Errors: 0, Skipped: 0, Time elapsed: 0 s - in chav1961.purelib.streams.char2byte.asm.macro.MacrosTest
[INFO] Running chav1961.purelib.streams.char2byte.asm.MethodBodyTest
[INFO] Tests run: 1, Failures: 0, Errors: 0, Skipped: 0, Time elapsed: 0 s - in chav1961.purelib.streams.char2byte.asm.MethodBodyTest
[INFO] Running chav1961.purelib.streams.char2byte.asm.StackAndVarRepoTest
[INFO] Tests run: 8, Failures: 0, Errors: 0, Skipped: 0, Time elapsed: 0 s - in chav1961.purelib.streams.char2byte.asm.StackAndVarRepoTest
[INFO] Running chav1961.purelib.streams.char2byte.asm.TryManagerRecordTest
[INFO] Tests run: 1, Failures: 0, Errors: 0, Skipped: 0, Time elapsed: 0 s - in chav1961.purelib.streams.char2byte.asm.TryManagerRecordTest
[INFO] Running chav1961.purelib.streams.char2char.CharStreamPrinterTest
[INFO] Tests run: 2, Failures: 0, Errors: 0, Skipped: 0, Time elapsed: 0 s - in chav1961.purelib.streams.char2char.CharStreamPrinterTest
[INFO] Running chav1961.purelib.streams.char2char.PreprocessingReaderTest
[INFO] Tests run: 6, Failures: 0, Errors: 0, Skipped: 0, Time elapsed: 0.011 s - in chav1961.purelib.streams.char2char.PreprocessingReaderTest
[INFO] Running chav1961.purelib.streams.char2char.CharStreamPrinterTest
[INFO] Tests run: 2, Failures: 0, Errors: 0, Skipped: 0, Time elapsed: 0 s - in chav1961.purelib.streams.char2char.CharStreamPrinterTest
[INFO] Running chav1961.purelib.streams.char2char.intern.CreoleWriterTest
[INFO] Tests run: 2, Failures: 0, Errors: 0, Skipped: 0, Time elapsed: 0.012 s - in chav1961.purelib.streams.char2char.intern.CreoleWriterTest
[INFO] Running chav1961.purelib.streams.char2char.intern.ListManipulationStackTest
[INFO] Tests run: 1, Failures: 0, Errors: 0, Skipped: 0, Time elapsed: 0 s - in chav1961.purelib.streams.char2char.intern.ListManipulationStackTest
[INFO] Running chav1961.purelib.streams.char2char.intern.CreoleWriterTest
[INFO] Tests run: 2, Failures: 0, Errors: 0, Skipped: 0, Time elapsed: 0.002 s - in chav1961.purelib.streams.char2char.intern.CreoleWriterTest
[INFO] Running chav1961.purelib.streams.char2char.intern.ListManipulationStackTest
[INFO] Tests run: 1, Failures: 0, Errors: 0, Skipped: 0, Time elapsed: 0 s - in chav1961.purelib.streams.char2char.intern.ListManipulationStackTest
[INFO] Running chav1961.purelib.streams.char2char.PreprocessingReaderTest
[INFO] Tests run: 6, Failures: 0, Errors: 0, Skipped: 0, Time elapsed: 0 s - in chav1961.purelib.streams.char2char.PreprocessingReaderTest
[INFO] Running chav1961.purelib.streams.CharSourcesAndTargetsTest
[INFO] Tests run: 2, Failures: 0, Errors: 0, Skipped: 0, Time elapsed: 0.002 s - in chav1961.purelib.streams.CharSourcesAndTargetsTest
[INFO] Running chav1961.purelib.streams.CsvSaxParserTest
[INFO] Tests run: 2, Failures: 0, Errors: 0, Skipped: 0, Time elapsed: 0 s - in chav1961.purelib.streams.CsvSaxParserTest
[INFO] Running chav1961.purelib.streams.CsvStaxParserTest
[INFO] Tests run: 4, Failures: 0, Errors: 0, Skipped: 0, Time elapsed: 0 s - in chav1961.purelib.streams.CsvStaxParserTest
[INFO] Running chav1961.purelib.streams.JsonSaxParserTest
[INFO] Tests run: 5, Failures: 0, Errors: 0, Skipped: 0, Time elapsed: 2.534 s - in chav1961.purelib.streams.JsonSaxParserTest
[INFO] Running chav1961.purelib.streams.JsonStaxParserTest
[INFO] Tests run: 4, Failures: 0, Errors: 0, Skipped: 0, Time elapsed: 0 s - in chav1961.purelib.streams.JsonStaxParserTest
[INFO] Running chav1961.purelib.streams.JsonStaxPrinterTest
[INFO] Tests run: 3, Failures: 0, Errors: 0, Skipped: 0, Time elapsed: 0 s - in chav1961.purelib.streams.JsonStaxPrinterTest
[INFO] Running chav1961.purelib.streams.StreamsUtilTest
[INFO] Tests run: 3, Failures: 0, Errors: 0, Skipped: 0, Time elapsed: 0 s - in chav1961.purelib.streams.StreamsUtilTest
[INFO] Running chav1961.purelib.ui.AbstractInMemoryFormModelTest
[INFO] Tests run: 10, Failures: 0, Errors: 0, Skipped: 0, Time elapsed: 0.012 s - in chav1961.purelib.ui.AbstractInMemoryFormModelTest
[INFO] Running chav1961.purelib.ui.ColorPairTest
[INFO] Tests run: 1, Failures: 0, Errors: 0, Skipped: 0, Time elapsed: 0.008 s - in chav1961.purelib.ui.ColorPairTest
[INFO] Running chav1961.purelib.ui.ConstraintCheckerFactoryTest
[INFO] Tests run: 9, Failures: 0, Errors: 0, Skipped: 0, Time elapsed: 0 s - in chav1961.purelib.ui.ConstraintCheckerFactoryTest
[INFO] Running chav1961.purelib.ui.ColorPairTest
[INFO] Tests run: 1, Failures: 0, Errors: 0, Skipped: 0, Time elapsed: 0 s - in chav1961.purelib.ui.ColorPairTest
[INFO] Running chav1961.purelib.ui.ConstraintCheckerFactoryTest
[INFO] Tests run: 9, Failures: 0, Errors: 0, Skipped: 0, Time elapsed: 0.002 s - in chav1961.purelib.ui.ConstraintCheckerFactoryTest
[INFO] Running chav1961.purelib.ui.FormMonitorTest
[INFO] Tests run: 1, Failures: 0, Errors: 0, Skipped: 0, Time elapsed: 0 s - in chav1961.purelib.ui.FormMonitorTest
[INFO] Running chav1961.purelib.ui.swing.AutoBuildFormTest
[INFO] Tests run: 1, Failures: 0, Errors: 0, Skipped: 0, Time elapsed: 0.245 s - in chav1961.purelib.ui.swing.AutoBuildFormTest
[INFO] Running chav1961.purelib.ui.swing.FormManagedUtilsTest
[INFO] Tests run: 2, Failures: 0, Errors: 0, Skipped: 0, Time elapsed: 0.012 s - in chav1961.purelib.ui.swing.FormManagedUtilsTest
[INFO] Running chav1961.purelib.ui.swing.MarkupBuildFormTest
[INFO] Tests run: 1, Failures: 0, Errors: 0, Skipped: 0, Time elapsed: 0.042 s - in chav1961.purelib.ui.swing.MarkupBuildFormTest
[INFO] Running chav1961.purelib.ui.swing.SimpleNavigatorTreeTest
[INFO] Tests run: 1, Failures: 0, Errors: 0, Skipped: 0, Time elapsed: 0.051 s - in chav1961.purelib.ui.swing.SimpleNavigatorTreeTest
[INFO] Running chav1961.purelib.ui.swing.SimpleWizardTest
[INFO] Tests run: 2, Failures: 0, Errors: 0, Skipped: 0, Time elapsed: 1.017 s - in chav1961.purelib.ui.swing.SimpleWizardTest
[INFO] Running chav1961.purelib.ui.swing.SwingUtilsTest
[INFO] Tests run: 9, Failures: 0, Errors: 0, Skipped: 0, Time elapsed: 0.05 s - in chav1961.purelib.ui.swing.SwingUtilsTest
[INFO] Running chav1961.purelib.ui.swing.VisualControlsTest
[INFO] Tests run: 12, Failures: 0, Errors: 0, Skipped: 0, Time elapsed: 0.063 s - in chav1961.purelib.ui.swing.VisualControlsTest
[INFO] Running chav1961.purelib.ui.swing.AutoBuildFormTest
[INFO] Tests run: 1, Failures: 0, Errors: 0, Skipped: 0, Time elapsed: 0.15 s - in chav1961.purelib.ui.swing.AutoBuildFormTest
[INFO] Running chav1961.purelib.ui.swing.FormManagedUtilsTest
[INFO] Tests run: 2, Failures: 0, Errors: 0, Skipped: 0, Time elapsed: 0 s - in chav1961.purelib.ui.swing.FormManagedUtilsTest
[INFO] Running chav1961.purelib.ui.swing.MarkupBuildFormTest
[INFO] Tests run: 1, Failures: 0, Errors: 0, Skipped: 0, Time elapsed: 0 s - in chav1961.purelib.ui.swing.MarkupBuildFormTest
[INFO] Running chav1961.purelib.ui.swing.SimpleNavigatorTreeTest
[INFO] Tests run: 1, Failures: 0, Errors: 0, Skipped: 0, Time elapsed: 0.016 s - in chav1961.purelib.ui.swing.SimpleNavigatorTreeTest
[INFO] Running chav1961.purelib.ui.swing.SimpleWizardTest
[INFO] Tests run: 2, Failures: 0, Errors: 0, Skipped: 0, Time elapsed: 1.003 s - in chav1961.purelib.ui.swing.SimpleWizardTest
[INFO] Running chav1961.purelib.ui.swing.SwingUtilsTest
[INFO] Tests run: 9, Failures: 0, Errors: 0, Skipped: 0, Time elapsed: 0.015 s - in chav1961.purelib.ui.swing.SwingUtilsTest
[INFO] Running chav1961.purelib.ui.swing.terminal.PseudoConsoleTest
[INFO] Tests run: 1, Failures: 0, Errors: 0, Skipped: 0, Time elapsed: 0 s - in chav1961.purelib.ui.swing.terminal.PseudoConsoleTest
[INFO] Running chav1961.purelib.ui.swing.terminal.TermTest
[INFO] Tests run: 3, Failures: 0, Errors: 0, Skipped: 0, Time elapsed: 0 s - in chav1961.purelib.ui.swing.terminal.TermTest
[INFO] Running chav1961.purelib.ui.swing.terminal.PseudoConsoleTest
[INFO] Tests run: 1, Failures: 0, Errors: 0, Skipped: 0, Time elapsed: 0 s - in chav1961.purelib.ui.swing.terminal.PseudoConsoleTest
[INFO] Running chav1961.purelib.ui.swing.terminal.TermTest
[INFO] Tests run: 3, Failures: 0, Errors: 0, Skipped: 0, Time elapsed: 0 s - in chav1961.purelib.ui.swing.terminal.TermTest
[INFO] Running chav1961.purelib.ui.swing.useful.LabelledLayoutTest
[INFO] Tests run: 5, Failures: 0, Errors: 0, Skipped: 0, Time elapsed: 0.016 s - in chav1961.purelib.ui.swing.useful.LabelledLayoutTest
[INFO] Running chav1961.purelib.ui.swing.useful.CursorsLibraryTest
[INFO] Tests run: 1, Failures: 0, Errors: 0, Skipped: 0, Time elapsed: 0.015 s - in chav1961.purelib.ui.swing.useful.CursorsLibraryTest
[INFO] Running chav1961.purelib.ui.swing.useful.JTextPaneHighlighterTest
[INFO] Tests run: 1, Failures: 0, Errors: 0, Skipped: 0, Time elapsed: 2.04 s - in chav1961.purelib.ui.swing.useful.JTextPaneHighlighterTest
[INFO] Running chav1961.purelib.ui.swing.useful.CursorsLibraryTest
[INFO] Tests run: 1, Failures: 0, Errors: 0, Skipped: 0, Time elapsed: 0 s - in chav1961.purelib.ui.swing.useful.CursorsLibraryTest
[INFO] Running chav1961.purelib.ui.swing.useful.JPaginatorTest
[INFO] Tests run: 1, Failures: 0, Errors: 0, Skipped: 0, Time elapsed: 0 s - in chav1961.purelib.ui.swing.useful.JPaginatorTest
[INFO] Running chav1961.purelib.ui.swing.useful.JTextPaneHighlighterTest
[INFO] Tests run: 1, Failures: 0, Errors: 0, Skipped: 0, Time elapsed: 2.011 s - in chav1961.purelib.ui.swing.useful.JTextPaneHighlighterTest
[INFO] Running chav1961.purelib.ui.swing.useful.LabelledLayoutTest
[INFO] Tests run: 5, Failures: 0, Errors: 0, Skipped: 0, Time elapsed: 0 s - in chav1961.purelib.ui.swing.useful.LabelledLayoutTest
[INFO] Running chav1961.purelib.ui.swing.useful.svg.SVGPainterTest
[INFO] Tests run: 3, Failures: 0, Errors: 0, Skipped: 0, Time elapsed: 0.016 s - in chav1961.purelib.ui.swing.useful.svg.SVGPainterTest
[INFO] Running chav1961.purelib.ui.swing.useful.svg.SVGParserTest
[INFO] Tests run: 1, Failures: 0, Errors: 0, Skipped: 0, Time elapsed: 0 s - in chav1961.purelib.ui.swing.useful.svg.SVGParserTest
[INFO] Running chav1961.purelib.ui.swing.useful.svg.SVGUtilsTest
[INFO] Tests run: 5, Failures: 0, Errors: 0, Skipped: 0, Time elapsed: 0.016 s - in chav1961.purelib.ui.swing.useful.svg.SVGUtilsTest
[INFO] Running chav1961.purelib.ui.swing.useful.svg.SVGPainterTest
[INFO] Tests run: 3, Failures: 0, Errors: 0, Skipped: 0, Time elapsed: 0 s - in chav1961.purelib.ui.swing.useful.svg.SVGPainterTest
[INFO] Running chav1961.purelib.ui.swing.useful.svg.SVGParserTest
[INFO] Tests run: 1, Failures: 0, Errors: 0, Skipped: 0, Time elapsed: 0 s - in chav1961.purelib.ui.swing.useful.svg.SVGParserTest
[INFO] Running chav1961.purelib.ui.swing.useful.svg.SVGUtilsTest
[INFO] Tests run: 5, Failures: 0, Errors: 0, Skipped: 0, Time elapsed: 0 s - in chav1961.purelib.ui.swing.useful.svg.SVGUtilsTest
[INFO] Running chav1961.purelib.ui.swing.VisualControlsTest
[INFO] Tests run: 12, Failures: 0, Errors: 0, Skipped: 0, Time elapsed: 0.031 s - in chav1961.purelib.ui.swing.VisualControlsTest
[INFO] 
[INFO] Results:
[INFO] 
[INFO] Tests run: 844, Failures: 0, Errors: 0, Skipped: 0
[INFO] 
[INFO] 
[INFO] --- maven-jar-plugin:3.2.0:jar (default-jar) @ purelib ---
[INFO] Building jar: E:\chav1961\workspace\purelib\target\purelib-0.0.4.jar
[INFO] 
[INFO] --- maven-install-plugin:2.4:install (default-install) @ purelib ---
[INFO] Installing E:\chav1961\workspace\purelib\target\purelib-0.0.4.jar to C:\Users\chav1961\.m2\repository\com\github\chav1961\purelib\0.0.4\purelib-0.0.4.jar
[INFO] Installing E:\chav1961\workspace\purelib\pom.xml to C:\Users\chav1961\.m2\repository\com\github\chav1961\purelib\0.0.4\purelib-0.0.4.pom
[INFO] ------------------------------------------------------------------------
[INFO] BUILD SUCCESS
[INFO] ------------------------------------------------------------------------
[INFO] Total time:  01:30 min
[INFO] Finished at: 2020-03-21T11:00:32+05:00
[INFO] ------------------------------------------------------------------------
